2026-06-25T16:23:34+0800 INFO Librepo version: 1.14.2 with CURL_GLOBAL_ACK_EINTR support (libcurl/7.79.1 OpenSSL/1.1.1m-fips zlib/1.2.11 brotli/1.0.9 libidn2/2.3.2 libpsl/0.21.1 (+libidn2/2.3.2) libssh/0.9.6/openssl/zlib nghttp2/1.46.0 OpenLDAP/2.6.0)
2026-06-25T16:23:34+0800 INFO Librepo version: 1.14.2 with CURL_GLOBAL_ACK_EINTR support (libcurl/7.79.1 OpenSSL/1.1.1m-fips zlib/1.2.11 brotli/1.0.9 libidn2/2.3.2 libpsl/0.21.1 (+libidn2/2.3.2) libssh/0.9.6/openssl/zlib nghttp2/1.46.0 OpenLDAP/2.6.0)
2026-06-25T16:33:38+0800 INFO Librepo version: 1.14.2 with CURL_GLOBAL_ACK_EINTR support (libcurl/7.79.1 OpenSSL/1.1.1m-fips zlib/1.2.11 brotli/1.0.9 libidn2/2.3.2 libpsl/0.21.1 (+libidn2/2.3.2) libssh/0.9.6/openssl/zlib nghttp2/1.46.0 OpenLDAP/2.6.0)
2026-06-25T16:34:13+0800 INFO Librepo version: 1.14.2 with CURL_GLOBAL_ACK_EINTR support (libcurl/7.79.1 OpenSSL/1.1.1m-fips zlib/1.2.11 brotli/1.0.9 libidn2/2.3.2 libpsl/0.21.1 (+libidn2/2.3.2) libssh/0.9.6/openssl/zlib nghttp2/1.46.0 OpenLDAP/2.6.0)
2026-06-25T16:34:13+0800 INFO Downloading: https://mirrors.openeuler.org/metalink?repo=22.03LTS/OS&arch=aarch64
2026-06-25T16:34:13+0800 INFO Downloading: https://repo.openeuler.openatom.cn/openEuler-22.03-LTS/OS/aarch64/repodata/repomd.xml
2026-06-25T16:34:15+0800 INFO Downloading: https://repo.openeuler.openatom.cn/openEuler-22.03-LTS/OS/aarch64/repodata/6fd4932756c692c939a36995b9298d1537833d8fb222142587ca994b30534638-primary.xml.gz
2026-06-25T16:34:15+0800 INFO Downloading: https://repo.openeuler.openatom.cn/openEuler-22.03-LTS/OS/aarch64/repodata/110120be6d6d9070feb00ca74fe0ac012c6ae211fce04d09d3c66faa5b42375e-filelists.xml.gz
2026-06-25T16:34:15+0800 INFO Downloading: https://repo.openeuler.openatom.cn/openEuler-22.03-LTS/OS/aarch64/repodata/f9dd2e44831378c6ec1deb71076b4c9d053fbc4a5696c50e05f2143e08d16525-normal.xml.gz
2026-06-25T16:34:17+0800 INFO Downloading: https://mirrors.openeuler.org/metalink?repo=22.03LTS/everything&arch=aarch64
2026-06-25T16:34:25+0800 INFO Error during transfer: Status code: 504 for https://mirrors.openeuler.org/metalink?repo=22.03LTS/everything&arch=aarch64 (IP: 49.0.230.196)
2026-06-25T16:34:25+0800 INFO Downloading: https://mirrors.openeuler.org/metalink?repo=22.03LTS/everything&arch=aarch64
2026-06-25T16:34:31+0800 INFO Error during transfer: Status code: 504 for https://mirrors.openeuler.org/metalink?repo=22.03LTS/everything&arch=aarch64 (IP: 49.0.230.196)
2026-06-25T16:34:31+0800 INFO Downloading: https://mirrors.openeuler.org/metalink?repo=22.03LTS/everything&arch=aarch64
2026-06-25T16:34:36+0800 INFO Error during transfer: Status code: 504 for https://mirrors.openeuler.org/metalink?repo=22.03LTS/everything&arch=aarch64 (IP: 49.0.230.196)
2026-06-25T16:34:36+0800 INFO Downloading: https://mirrors.openeuler.org/metalink?repo=22.03LTS/everything&arch=aarch64
2026-06-25T16:34:41+0800 INFO Error during transfer: Status code: 504 for https://mirrors.openeuler.org/metalink?repo=22.03LTS/everything&arch=aarch64 (IP: 49.0.230.196)
2026-06-25T16:34:41+0800 INFO Error while downloading: Status code: 504 for https://mirrors.openeuler.org/metalink?repo=22.03LTS/everything&arch=aarch64 (IP: 49.0.230.196)
2026-06-25T16:34:41+0800 INFO Downloading: https://mirrors.openeuler.org/metalink?repo=22.03LTS/everything&arch=aarch64
2026-06-25T16:34:53+0800 INFO Downloading: https://repo.openeuler.org/openEuler-22.03-LTS/everything/aarch64/repodata/repomd.xml
2026-06-25T16:34:54+0800 INFO Downloading: https://repo.openeuler.org/openEuler-22.03-LTS/everything/aarch64/repodata/da95a7f76e71364e92beed81e118424e918d433515ac48bf17602fc2ebaae350-primary.xml.gz
2026-06-25T16:34:54+0800 INFO Downloading: https://repo.openeuler.org/openEuler-22.03-LTS/everything/aarch64/repodata/8cb51558c2047c0c83b2106485c2329e643b7722c3e5165e1e0bcee16f0ac70b-filelists.xml.gz
2026-06-25T16:34:54+0800 INFO Downloading: https://repo.openeuler.org/openEuler-22.03-LTS/everything/aarch64/repodata/f9dd2e44831378c6ec1deb71076b4c9d053fbc4a5696c50e05f2143e08d16525-normal.xml.gz
2026-06-25T16:37:10+0800 INFO Downloading: https://mirrors.openeuler.org/metalink?repo=22.03LTS/EPOL/main&arch=aarch64
2026-06-25T16:37:10+0800 INFO Downloading: https://repo.openeuler.org/openEuler-22.03-LTS/EPOL/main/aarch64/repodata/repomd.xml
2026-06-25T16:37:10+0800 INFO Downloading: https://repo.openeuler.org/openEuler-22.03-LTS/EPOL/main/aarch64/repodata/0861c33a90e1c716a22dc064b678768001d685097ca53e0694c520a3f5f7c9fd-primary.xml.gz
2026-06-25T16:37:10+0800 INFO Downloading: https://repo.openeuler.org/openEuler-22.03-LTS/EPOL/main/aarch64/repodata/0b48467ca336d886390d80905e7f29c69d7b8c058ab7e2586685d84ce642fa8a-filelists.xml.gz
2026-06-25T16:37:35+0800 INFO Downloading: https://mirrors.openeuler.org/metalink?repo=22.03LTS/debuginfo&arch=aarch64
2026-06-25T16:37:37+0800 INFO Downloading: https://repo.openeuler.org/openEuler-22.03-LTS/debuginfo/aarch64/repodata/repomd.xml
2026-06-25T16:37:37+0800 INFO Downloading: https://repo.openeuler.org/openEuler-22.03-LTS/debuginfo/aarch64/repodata/77d92d89ec2cad67869f560eb86609ce45c23e665dc0ff593bbfba2e8b1761dc-primary.xml.gz
2026-06-25T16:37:37+0800 INFO Downloading: https://repo.openeuler.org/openEuler-22.03-LTS/debuginfo/aarch64/repodata/f6def4f0788212643d5b038be0c0dcacada0757d0a66a21d4aa1edd67732414c-filelists.xml.gz
2026-06-25T16:37:37+0800 INFO Downloading: https://repo.openeuler.org/openEuler-22.03-LTS/debuginfo/aarch64/repodata/f9dd2e44831378c6ec1deb71076b4c9d053fbc4a5696c50e05f2143e08d16525-normal.xml.gz
2026-06-25T16:38:07+0800 INFO Downloading: https://mirrors.openeuler.org/metalink?repo=22.03LTS&arch=source
2026-06-25T16:38:09+0800 INFO Downloading: https://repo.openeuler.org/openEuler-22.03-LTS/source/repodata/repomd.xml
2026-06-25T16:38:12+0800 INFO Downloading: https://repo.openeuler.org/openEuler-22.03-LTS/source/repodata/f1aeacb4f48d8323f59bc292abc5ccd6aada35f681417eda42ac730466fe7acc-primary.xml.gz
2026-06-25T16:38:12+0800 INFO Downloading: https://repo.openeuler.org/openEuler-22.03-LTS/source/repodata/ba07cf07d41e29ec416715646f9f58501fe1db131311132d6a76325309451209-filelists.xml.gz
2026-06-25T16:38:12+0800 INFO Downloading: https://repo.openeuler.org/openEuler-22.03-LTS/source/repodata/c2a33c2e9423b23416c587e201ad7c690ef870f29998f4387f1cc9bea816d62e-normal.xml.gz
2026-06-25T16:38:24+0800 INFO Downloading: https://mirrors.openeuler.org/metalink?repo=22.03LTS/update&arch=aarch64
2026-06-25T16:38:24+0800 INFO Downloading: https://repo.openeuler.openatom.cn/openEuler-22.03-LTS/update/aarch64/repodata/repomd.xml
2026-06-25T16:38:25+0800 INFO Downloading: https://repo.openeuler.openatom.cn/openEuler-22.03-LTS/update/aarch64/repodata/0ba2e9f71a0b7564e805099c9043b20ad8416ed6c6008ea49850144ef25bd0cf-primary.xml.gz
2026-06-25T16:38:25+0800 INFO Downloading: https://repo.openeuler.openatom.cn/openEuler-22.03-LTS/update/aarch64/repodata/ff2c43184e167e9f98d7a5b4ac22edd4e455a41c8e978f4d2cc20167d3d3abaa-filelists.xml.gz
2026-06-25T16:38:25+0800 INFO Downloading: https://repo.openeuler.openatom.cn/openEuler-22.03-LTS/update/aarch64/repodata/8edd9bb65ed536e0d1f3e999bb82dd939c08ce2f998c7779a8d67c6daaca282e-updateinfo.xml.gz
2026-06-25T16:39:06+0800 INFO Downloading: https://mirrors.openeuler.org/metalink?repo=22.03LTS/update&arch=source
2026-06-25T16:39:14+0800 INFO Downloading: https://repo.openeuler.openatom.cn/openEuler-22.03-LTS/update/source/repodata/repomd.xml
2026-06-25T16:39:15+0800 INFO Downloading: https://repo.openeuler.openatom.cn/openEuler-22.03-LTS/update/source/repodata/77b0e99c0779666ac8113559abec58d4eb56e226db7165c31359bf3354b812be-primary.xml.gz
2026-06-25T16:39:15+0800 INFO Downloading: https://repo.openeuler.openatom.cn/openEuler-22.03-LTS/update/source/repodata/f2bbf69cb18a023f1d0248ef7ec69a1c20ed5fdc7b0162be9618efaec4c2f291-filelists.xml.gz
2026-06-25T16:39:15+0800 INFO Downloading: https://repo.openeuler.openatom.cn/openEuler-22.03-LTS/update/source/repodata/8edd9bb65ed536e0d1f3e999bb82dd939c08ce2f998c7779a8d67c6daaca282e-updateinfo.xml.gz
2026-06-25T16:39:32+0800 INFO Librepo version: 1.14.2 with CURL_GLOBAL_ACK_EINTR support (libcurl/7.79.1 OpenSSL/1.1.1m-fips zlib/1.2.11 brotli/1.0.9 libidn2/2.3.2 libpsl/0.21.1 (+libidn2/2.3.2) libssh/0.9.6/openssl/zlib nghttp2/1.46.0 OpenLDAP/2.6.0)
2026-06-25T16:39:42+0800 INFO Librepo version: 1.14.2 with CURL_GLOBAL_ACK_EINTR support (libcurl/7.79.1 OpenSSL/1.1.1m-fips zlib/1.2.11 brotli/1.0.9 libidn2/2.3.2 libpsl/0.21.1 (+libidn2/2.3.2) libssh/0.9.6/openssl/zlib nghttp2/1.46.0 OpenLDAP/2.6.0)
2026-06-25T16:39:53+0800 INFO Librepo version: 1.14.2 with CURL_GLOBAL_ACK_EINTR support (libcurl/7.79.1 OpenSSL/1.1.1m-fips zlib/1.2.11 brotli/1.0.9 libidn2/2.3.2 libpsl/0.21.1 (+libidn2/2.3.2) libssh/0.9.6/openssl/zlib nghttp2/1.46.0 OpenLDAP/2.6.0)
2026-06-25T16:39:53+0800 INFO Downloading: https://mirrors.openeuler.org/metalink?repo=22.03LTS/OS&arch=aarch64
2026-06-25T16:39:57+0800 INFO Downloading: https://mirrors.openeuler.org/metalink?repo=22.03LTS/everything&arch=aarch64
2026-06-25T16:39:57+0800 INFO Downloading: https://mirrors.openeuler.org/metalink?repo=22.03LTS/update&arch=aarch64
2026-06-25T16:40:01+0800 INFO Downloading: https://repo.openeuler.org/openEuler-22.03-LTS/OS/aarch64/Packages/ethtool-5.15-1.oe2203.aarch64.rpm
2026-06-25T16:40:01+0800 INFO Downloading: https://repo.openeuler.org/openEuler-22.03-LTS/everything/aarch64/Packages/ipset-7.15-1.oe2203.aarch64.rpm
2026-06-25T16:40:01+0800 INFO Downloading: https://repo.openeuler.openatom.cn/openEuler-22.03-LTS/update/aarch64/Packages/ipvsadm-1.31-5.oe2203.aarch64.rpm
2026-06-25T16:40:01+0800 INFO Downloading: https://repo.openeuler.openatom.cn/openEuler-22.03-LTS/update/aarch64/Packages/ebtables-2.0.11-10.oe2203.aarch64.rpm
2026-06-25T16:40:02+0800 INFO Downloading: https://repo.openeuler.org/openEuler-22.03-LTS/everything/aarch64/Packages/libnetfilter_cthelper-1.0.0-15.oe2203.aarch64.rpm
2026-06-25T16:40:02+0800 INFO Downloading: https://repo.openeuler.openatom.cn/openEuler-22.03-LTS/update/aarch64/Packages/libnetfilter_cttimeout-1.0.0-15.oe2203.aarch64.rpm
2026-06-25T16:40:02+0800 INFO Downloading: https://repo.openeuler.org/openEuler-22.03-LTS/OS/aarch64/Packages/libnetfilter_queue-1.0.5-1.oe2203.aarch64.rpm
2026-06-25T16:40:02+0800 INFO Downloading: https://repo.openeuler.openatom.cn/openEuler-22.03-LTS/update/aarch64/Packages/conntrack-tools-1.4.6-3.oe2203.aarch64.rpm
2026-06-25T16:40:02+0800 INFO Downloading: https://repo.openeuler.org/openEuler-22.03-LTS/everything/aarch64/Packages/socat-1.7.3.2-8.oe2203.aarch64.rpm
