[2026-06-25 16:08:17] 查询最新稳定版本
[2026-06-25 16:08:20] 版本已锁定:
ARCH=arm64
RPM_ARCH=aarch64
VERSION_POLICY=latest-stable-only
ALLOW_PRERELEASE=false
SEALOS_VERSION=v5.1.1
KUBERNETES_VERSION=v1.36.2
CALICO_VERSION=v3.31.6
INGRESS_NGINX_VERSION=controller-v1.15.1
KUBOARD_VERSION=v3
HELM_VERSION=v3.21.2
VERSION_NOTES=latest stable releases only; prerelease filtered
[2026-06-25 16:08:20] 下载 sealos: https://github.com/labring/sealos/releases/download/v5.1.1/sealos_5.1.1_linux_arm64.tar.gz
  % Total    % Received % Xferd  Average Speed   Time    Time     Time  Current
                                 Dload  Upload   Total   Spent    Left  Speed
  0     0    0     0    0     0      0      0 --:--:-- --:--:-- --:--:--     0  0     0    0     0    0     0      0      0 --:--:-- --:--:-- --:--:--     0  0     0    0     0    0     0      0      0 --:--:-- --:--:-- --:--:--     0
 12 67.1M   12 8547k    0     0  6680k      0  0:00:10  0:00:01  0:00:09 6680k 14 67.1M   14 10.0M    0     0  4492k      0  0:00:15  0:00:02  0:00:13 1692k 28 67.1M   28 18.9M    0     0  5903k      0  0:00:11  0:00:03  0:00:08 5406k 37 67.1M   37 24.8M    0     0  5952k      0  0:00:11  0:00:04  0:00:07 5641k 44 67.1M   44 30.0M    0     0  5771k      0  0:00:11  0:00:05  0:00:06 5484k 55 67.1M   55 37.2M    0     0  6079k      0  0:00:11  0:00:06  0:00:05 5925k 64 67.1M   64 43.5M    0     0  6121k      0  0:00:11  0:00:07  0:00:04 6863k 73 67.1M   73 49.5M    0     0  6132k      0  0:00:11  0:00:08  0:00:03 6283k 83 67.1M   83 56.2M    0     0  6210k      0  0:00:11  0:00:09  0:00:02 6431k 93 67.1M   93 62.5M    0     0  6231k      0  0:00:11  0:00:10  0:00:01 6726k100 67.1M  100 67.1M    0     0  6250k      0  0:00:10  0:00:10 --:--:-- 6477k
/opt/install/offline-k8s/tmp/sealos-download: gzip compressed data, max compression, original size modulo 2^32 230217216
SealosVersion:
  buildDate: "2025-11-17T04:16:18Z"
  compiler: gc
  gitCommit: 1e312ad2c
  gitVersion: 5.1.1
  goVersion: go1.23.12
  platform: linux/arm64

[2026-06-25 16:08:34] 下载 helm: https://get.helm.sh/helm-v3.21.2-linux-arm64.tar.gz
  % Total    % Received % Xferd  Average Speed   Time    Time     Time  Current
                                 Dload  Upload   Total   Spent    Left  Speed
  0     0    0     0    0     0      0      0 --:--:-- --:--:-- --:--:--     0 77 15.0M   77 11.6M    0     0  12.3M      0  0:00:01 --:--:--  0:00:01 12.3M100 15.0M  100 15.0M    0     0  11.7M      0  0:00:01  0:00:01 --:--:-- 11.7M
version.BuildInfo{Version:"v3.21.2", GitCommit:"125963406833fe0525be91f46c8b5b0f22fb9e32", GitTreeState:"clean", GoVersion:"go1.26.4"}
[2026-06-25 16:08:35] 下载 ingress-nginx manifest
  % Total    % Received % Xferd  Average Speed   Time    Time     Time  Current
                                 Dload  Upload   Total   Spent    Left  Speed
  0     0    0     0    0     0      0      0 --:--:-- --:--:-- --:--:--     0  0     0    0     0    0     0      0      0 --:--:-- --:--:-- --:--:--     0
curl: (22) The requested URL returned error: 404
