[2026-06-25 16:17:29] 查询最新稳定版本
[2026-06-25 16:17:33] 版本已锁定:
ARCH=arm64
RPM_ARCH=aarch64
VERSION_POLICY=latest-stable-only
ALLOW_PRERELEASE=false
SEALOS_VERSION=v5.1.1
KUBERNETES_VERSION=v1.33.6
CALICO_VERSION=v3.28.1
INGRESS_NGINX_VERSION=controller-v1.15.1
KUBOARD_VERSION=v3
HELM_VERSION=v3.21.2
VERSION_NOTES=latest stable releases only; prerelease filtered; upstream_kubernetes=v1.36.2; labring_kubernetes_image=v1.33.6
[2026-06-25 16:17:33] 下载 sealos: https://github.com/labring/sealos/releases/download/v5.1.1/sealos_5.1.1_linux_arm64.tar.gz
  % Total    % Received % Xferd  Average Speed   Time    Time     Time  Current
                                 Dload  Upload   Total   Spent    Left  Speed
  0     0    0     0    0     0      0      0 --:--:-- --:--:-- --:--:--     0  0     0    0     0    0     0      0      0 --:--:-- --:--:-- --:--:--     0
 25 67.1M   25 17.3M    0     0  19.8M      0  0:00:03 --:--:--  0:00:03 19.8M 26 67.1M   26 17.5M    0     0  8569k      0  0:00:08  0:00:02  0:00:06  170k 37 67.1M   37 24.9M    0     0  8782k      0  0:00:07  0:00:02  0:00:05 3823k 39 67.1M   39 26.6M    0     0  7184k      0  0:00:09  0:00:03  0:00:06 3252k 50 67.1M   50 33.6M    0     0  7200k      0  0:00:09  0:00:04  0:00:05 4270k 58 67.1M   58 39.5M    0     0  6993k      0  0:00:09  0:00:05  0:00:04 4622k 67 67.1M   67 45.5M    0     0  6878k      0  0:00:09  0:00:06  0:00:03 6121k 76 67.1M   76 51.4M    0     0  6761k      0  0:00:10  0:00:07  0:00:03 5557k 85 67.1M   85 57.6M    0     0  6717k      0  0:00:10  0:00:08  0:00:02 6360k 94 67.1M   94 63.5M    0     0  6654k      0  0:00:10  0:00:09  0:00:01 6131k100 67.1M  100 67.1M    0     0  6584k      0  0:00:10  0:00:10 --:--:-- 6076k
/opt/install/offline-k8s/tmp/sealos-download: gzip compressed data, max compression, original size modulo 2^32 230217216
tar: README.md: Cannot change ownership to uid 1001, gid 1001: Invalid argument
tar: Exiting with failure status due to previous errors
